2023-08-06 02:43:14.735267 - Initialized conversion of CBT287
2023-08-06 02:43:14.921031 - Received CBT.V505.FILE287.PDS from FILE287.XMI 
2023-08-06 02:43:14.923503 - Found $$$#DATE.txt (text/plain) in CBT.V505.FILE287.PDS, moved to PDS/$$$#DATE
2023-08-06 02:43:14.924510 - Found @FILE287.txt (text/plain) in CBT.V505.FILE287.PDS, moved to PDS/@FILE287
2023-08-06 02:43:14.925607 - Found @LIST.txt (text/plain) in CBT.V505.FILE287.PDS, moved to PDS/@LIST
2023-08-06 02:43:14.926561 - Found CAMLSTD.txt (text/plain) in CBT.V505.FILE287.PDS, moved to PDS/CAMLSTD
2023-08-06 02:43:14.927568 - Found DEFAULTA.txt (text/plain) in CBT.V505.FILE287.PDS, moved to PDS/DEFAULTA
2023-08-06 02:43:14.928589 - Found DFLTAAN.txt (text/plain) in CBT.V505.FILE287.PDS, moved to PDS/DFLTAAN
2023-08-06 02:43:14.929640 - Found DFLTAD.txt (text/plain) in CBT.V505.FILE287.PDS, moved to PDS/DFLTAD
2023-08-06 02:43:14.930633 - Found DFLTAP.txt (text/plain) in CBT.V505.FILE287.PDS, moved to PDS/DFLTAP
2023-08-06 02:43:14.931659 - Found DFLTAPDE.txt (text/plain) in CBT.V505.FILE287.PDS, moved to PDS/DFLTAPDE
2023-08-06 02:43:14.932698 - Found DFLTAQ.txt (text/plain) in CBT.V505.FILE287.PDS, moved to PDS/DFLTAQ
2023-08-06 02:43:14.933612 - Found DFLTARTC.txt (text/plain) in CBT.V505.FILE287.PDS, moved to PDS/DFLTARTC
2023-08-06 02:43:14.934587 - Found DSCTCARD.txt (text/plain) in CBT.V505.FILE287.PDS, moved to PDS/DSCTCARD
2023-08-06 02:43:14.935508 - Found ENDM.txt (text/plain) in CBT.V505.FILE287.PDS, moved to PDS/ENDM
2023-08-06 02:43:14.936380 - Found EQUGN.txt (text/plain) in CBT.V505.FILE287.PDS, moved to PDS/EQUGN
2023-08-06 02:43:14.937293 - Found HELP.txt (text/plain) in CBT.V505.FILE287.PDS, moved to PDS/HELP
2023-08-06 02:43:14.938228 - Found LAT.txt (text/plain) in CBT.V505.FILE287.PDS, moved to PDS/LAT
2023-08-06 02:43:14.939146 - Found LODE.txt (text/plain) in CBT.V505.FILE287.PDS, moved to PDS/LODE
2023-08-06 02:43:14.940046 - Found LODENAME.txt (text/plain) in CBT.V505.FILE287.PDS, moved to PDS/LODENAME
2023-08-06 02:43:14.940902 - Found LODESTAR.txt (text/plain) in CBT.V505.FILE287.PDS, moved to PDS/LODESTAR
2023-08-06 02:43:14.941776 - Found MTITL.txt (text/plain) in CBT.V505.FILE287.PDS, moved to PDS/MTITL
2023-08-06 02:43:14.942703 - Found NOTES.txt (text/plain) in CBT.V505.FILE287.PDS, moved to PDS/NOTES
2023-08-06 02:43:14.943678 - Found OPTIONDF.txt (text/plain) in CBT.V505.FILE287.PDS, moved to PDS/OPTIONDF
2023-08-06 02:43:14.944630 - Found REGEQU.txt (text/plain) in CBT.V505.FILE287.PDS, moved to PDS/REGEQU
2023-08-06 02:43:14.945537 - Found SAVEM.txt (text/plain) in CBT.V505.FILE287.PDS, moved to PDS/SAVEM
2023-08-06 02:43:14.946530 - Found SCRIPT.txt (text/plain) in CBT.V505.FILE287.PDS, moved to PDS/SCRIPT
2023-08-06 02:43:14.947429 - Found STITL.txt (text/plain) in CBT.V505.FILE287.PDS, moved to PDS/STITL
